<?xml version="1.0" encoding="UTF-8"?>
<testsuite xmlns:xsi="http://www.w3.org/2001/XMLSchema-instance" xsi:noNamespaceSchemaLocation="https://maven.apache.org/surefire/maven-surefire-plugin/xsd/surefire-test-report-3.0.xsd" version="3.0" name="com.example.parking.controller.PricingControllerTest" time="1.151" tests="1" errors="0" skipped="0" failures="0">
  <properties>
[...]
</properties>
  <testcase name="listPricing" classname="com.example.parking.controller.PricingControllerTest" time="0.052">
    <system-out><![CDATA[18:09:45.574 [main] INFO org.springframework.test.context.support.AnnotationConfigContextLoaderUtils -- Could not detect default configuration classes for test class [com.example.parking.controller.PricingControllerTest]: PricingControllerTest does not declare any static, non-private, non-final, nested classes annotated with @Configuration.
18:09:45.618 [main] INFO org.springframework.boot.test.context.SpringBootTestContextBootstrapper -- Found @SpringBootConfiguration com.example.parking.ParkingLotApplication for test class com.example.parking.controller.PricingControllerTest

  .   ____          _            __ _ _
 /\\ / ___'_ __ _ _(_)_ __  __ _ \ \ \ \
( ( )\___ | '_ | '_| | '_ \/ _` | \ \ \ \
 \\/  ___)| |_)| | | | | || (_| |  ) ) ) )
  '  |____| .__|_| |_|_| |_\__, | / / / /
 =========|_|==============|___/=/_/_/_/
 :: Spring Boot ::                (v3.1.6)

2025-09-26T18:09:45.749+05:30  INFO 35773 --- [           main] c.e.p.controller.PricingControllerTest   : Starting PricingControllerTest using Java 17.0.16 with PID 35773 (started by mohitbhagwani in /Users/mohitbhagwani/Downloads/parking-lot-system)
2025-09-26T18:09:45.750+05:30  INFO 35773 --- [           main] c.e.p.controller.PricingControllerTest   : No active profile set, falling back to 1 default profile: "default"
2025-09-26T18:09:46.537+05:30  WARN 35773 --- [           main] .s.s.UserDetailsServiceAutoConfiguration : 

Using generated security password: 75ea113e-3f87-4b3c-8416-12a3a588abf9

This generated password is for development use only. Your security configuration must be updated before running your application in production.

2025-09-26T18:09:46.582+05:30  INFO 35773 --- [           main] o.s.s.web.DefaultSecurityFilterChain     : Will secure any request with [org.springframework.security.web.session.DisableEncodeUrlFilter@4e7eba9f, org.springframework.security.web.context.request.async.WebAsyncManagerIntegrationFilter@2df71be0, org.springframework.security.web.context.SecurityContextHolderFilter@76134b9b, org.springframework.security.web.header.HeaderWriterFilter@22cd8ec2, org.springframework.security.web.csrf.CsrfFilter@359865a2, org.springframework.security.web.authentication.logout.LogoutFilter@857f74a, org.springframework.security.web.authentication.UsernamePasswordAuthenticationFilter@6fd7aba8, org.springframework.security.web.authentication.ui.DefaultLoginPageGeneratingFilter@18faaff6, org.springframework.security.web.authentication.ui.DefaultLogoutPageGeneratingFilter@b841713, org.springframework.security.web.authentication.www.BasicAuthenticationFilter@29f95272, org.springframework.security.web.savedrequest.RequestCacheAwareFilter@7ee64b53, org.springframework.security.web.servletapi.SecurityContextHolderAwareRequestFilter@3a8fb023, org.springframework.security.web.authentication.AnonymousAuthenticationFilter@3fef1e6b, org.springframework.security.web.access.ExceptionTranslationFilter@629cbb1, org.springframework.security.web.access.intercept.AuthorizationFilter@29aa4bc9]
2025-09-26T18:09:46.593+05:30  INFO 35773 --- [           main] o.s.b.t.m.w.SpringBootMockServletContext : Initializing Spring TestDispatcherServlet ''
2025-09-26T18:09:46.593+05:30  INFO 35773 --- [           main] o.s.t.web.servlet.TestDispatcherServlet  : Initializing Servlet ''
2025-09-26T18:09:46.594+05:30  INFO 35773 --- [           main] o.s.t.web.servlet.TestDispatcherServlet  : Completed initialization in 1 ms
2025-09-26T18:09:46.602+05:30  INFO 35773 --- [           main] c.e.p.controller.PricingControllerTest   : Started PricingControllerTest in 0.959 seconds (process running for 1.257)
]]></system-out>
  </testcase>
</testsuite>